<?xml version="1.0" encoding="UTF-8"?>
<testng-results skipped="0" failed="2" ignored="0" total="10" passed="8">
  <reporter-output>
  </reporter-output>
  <suite name="Suite" duration-ms="76115" started-at="2022-03-15T18:17:47 PDT" finished-at="2022-03-15T18:19:03 PDT">
    <groups>
      <group name="real">
        <method signature="EbayPageTest.testVerifyPageTitleUsingTestngParameter()[pri:0, instance:com.qa.ebay.EbayAutomation.EbayPageTest@43bd930a]" name="testVerifyPageTitleUsingTestngParameter" class="com.qa.ebay.EbayAutomation.EbayPageTest"/>
        <method signature="EbayPageTest.testVerifyPageTitleUsingTestngParameter()[pri:0, instance:com.qa.ebay.EbayAutomation.EbayPageTest@383bfa16]" name="testVerifyPageTitleUsingTestngParameter" class="com.qa.ebay.EbayAutomation.EbayPageTest"/>
      </group> <!-- real -->
    </groups>
    <test name="TestUS" duration-ms="11920" started-at="2022-03-15T18:17:47 PDT" finished-at="2022-03-15T18:17:59 PDT">
      <class name="com.qa.ebay.EbayAutomation.EbayPageTest">
        <test-method status="PASS" signature="testVerifyPageTitleUsingTestngParameter()[pri:0, instance:com.qa.ebay.EbayAutomation.EbayPageTest@43bd930a]" name="testVerifyPageTitleUsingTestngParameter" duration-ms="11697" started-at="2022-03-15T18:17:47 PDT" finished-at="2022-03-15T18:17:59 PDT">
          <reporter-output>
          </reporter-output>
        </test-method> <!-- testVerifyPageTitleUsingTestngParameter -->
        <test-method status="PASS" signature="tearDown()[pri:0, instance:com.qa.ebay.EbayAutomation.EbayPageTest@43bd930a]" name="tearDown" is-config="true" duration-ms="142" started-at="2022-03-15T18:17:59 PDT" finished-at="2022-03-15T18:17:59 PDT">
          <reporter-output>
          </reporter-output>
        </test-method> <!-- tearDown -->
      </class> <!-- com.qa.ebay.EbayAutomation.EbayPageTest -->
    </test> <!-- TestUS -->
    <test name="Test" duration-ms="60111" started-at="2022-03-15T18:17:59 PDT" finished-at="2022-03-15T18:18:59 PDT">
      <class name="com.qa.ebay.EbayAutomation.EbayTest">
        <test-method status="PASS" signature="setUp()[pri:0, instance:com.qa.ebay.EbayAutomation.EbayTest@6d3af739]" name="setUp" is-config="true" duration-ms="1" started-at="2022-03-15T18:17:59 PDT" finished-at="2022-03-15T18:17:59 PDT">
          <reporter-output>
          </reporter-output>
        </test-method> <!-- setUp -->
        <test-method status="PASS" signature="DailyDealsLink()[pri:0, instance:com.qa.ebay.EbayAutomation.EbayTest@6d3af739]" name="DailyDealsLink" duration-ms="9298" started-at="2022-03-15T18:17:59 PDT" finished-at="2022-03-15T18:18:08 PDT">
          <reporter-output>
          </reporter-output>
        </test-method> <!-- DailyDealsLink -->
        <test-method status="PASS" signature="tearDown()[pri:0, instance:com.qa.ebay.EbayAutomation.EbayTest@6d3af739]" name="tearDown" is-config="true" duration-ms="1370" started-at="2022-03-15T18:18:08 PDT" finished-at="2022-03-15T18:18:10 PDT">
          <reporter-output>
          </reporter-output>
        </test-method> <!-- tearDown -->
        <test-method status="PASS" signature="setUp()[pri:0, instance:com.qa.ebay.EbayAutomation.EbayTest@6d3af739]" name="setUp" is-config="true" duration-ms="0" started-at="2022-03-15T18:18:10 PDT" finished-at="2022-03-15T18:18:10 PDT">
          <reporter-output>
          </reporter-output>
        </test-method> <!-- setUp -->
        <test-method status="PASS" signature="HomePageScroll()[pri:0, instance:com.qa.ebay.EbayAutomation.EbayTest@6d3af739]" name="HomePageScroll" duration-ms="4319" started-at="2022-03-15T18:18:10 PDT" finished-at="2022-03-15T18:18:14 PDT">
          <reporter-output>
          </reporter-output>
        </test-method> <!-- HomePageScroll -->
        <test-method status="PASS" signature="tearDown()[pri:0, instance:com.qa.ebay.EbayAutomation.EbayTest@6d3af739]" name="tearDown" is-config="true" duration-ms="1412" started-at="2022-03-15T18:18:14 PDT" finished-at="2022-03-15T18:18:15 PDT">
          <reporter-output>
          </reporter-output>
        </test-method> <!-- tearDown -->
        <test-method status="PASS" signature="setUp()[pri:0, instance:com.qa.ebay.EbayAutomation.EbayTest@6d3af739]" name="setUp" is-config="true" duration-ms="1" started-at="2022-03-15T18:18:16 PDT" finished-at="2022-03-15T18:18:16 PDT">
          <reporter-output>
          </reporter-output>
        </test-method> <!-- setUp -->
        <test-method status="FAIL" signature="getSubCategory()[pri:0, instance:com.qa.ebay.EbayAutomation.EbayTest@6d3af739]" name="getSubCategory" duration-ms="6879" started-at="2022-03-15T18:18:16 PDT" finished-at="2022-03-15T18:18:22 PDT">
          <exception class="java.lang.IndexOutOfBoundsException">
            <message>
              <![CDATA[Index: 3, Size: 3]]>
            </message>
            <full-stacktrace>
              <![CDATA[java.lang.IndexOutOfBoundsException: Index: 3, Size: 3
at java.util.ArrayList.rangeCheck(ArrayList.java:657)
at java.util.ArrayList.get(ArrayList.java:433)
at com.qa.ebay.EbayAutomation.EbayTest.getSubCategory(EbayTest.java:100)
at sun.reflect.NativeMethodAccessorImpl.invoke0(Native Method)
at sun.reflect.NativeMethodAccessorImpl.invoke(NativeMethodAccessorImpl.java:62)
at sun.reflect.DelegatingMethodAccessorImpl.invoke(DelegatingMethodAccessorImpl.java:43)
at java.lang.reflect.Method.invoke(Method.java:498)
at org.testng.internal.invokers.MethodInvocationHelper.invokeMethod(MethodInvocationHelper.java:135)
at org.testng.internal.invokers.TestInvoker.invokeMethod(TestInvoker.java:673)
at org.testng.internal.invokers.TestInvoker.invokeTestMethod(TestInvoker.java:220)
at org.testng.internal.invokers.MethodRunner.runInSequence(MethodRunner.java:50)
at org.testng.internal.invokers.TestInvoker$MethodInvocationAgent.invoke(TestInvoker.java:945)
at org.testng.internal.invokers.TestInvoker.invokeTestMethods(TestInvoker.java:193)
at org.testng.internal.invokers.TestMethodWorker.invokeTestMethods(TestMethodWorker.java:146)
at org.testng.internal.invokers.TestMethodWorker.run(TestMethodWorker.java:128)
at java.util.ArrayList.forEach(ArrayList.java:1257)
at org.testng.TestRunner.privateRun(TestRunner.java:808)
at org.testng.TestRunner.run(TestRunner.java:603)
at org.testng.SuiteRunner.runTest(SuiteRunner.java:429)
at org.testng.SuiteRunner.runSequentially(SuiteRunner.java:423)
at org.testng.SuiteRunner.privateRun(SuiteRunner.java:383)
at org.testng.SuiteRunner.run(SuiteRunner.java:326)
at org.testng.SuiteRunnerWorker.runSuite(SuiteRunnerWorker.java:52)
at org.testng.SuiteRunnerWorker.run(SuiteRunnerWorker.java:95)
at org.testng.TestNG.runSuitesSequentially(TestNG.java:1249)
at org.testng.TestNG.runSuitesLocally(TestNG.java:1169)
at org.testng.TestNG.runSuites(TestNG.java:1092)
at org.testng.TestNG.run(TestNG.java:1060)
at org.testng.remote.AbstractRemoteTestNG.run(AbstractRemoteTestNG.java:115)
at org.testng.remote.RemoteTestNG.initAndRun(RemoteTestNG.java:251)
at org.testng.remote.RemoteTestNG.main(RemoteTestNG.java:77)
]]>
            </full-stacktrace>
          </exception> <!-- java.lang.IndexOutOfBoundsException -->
          <reporter-output>
          </reporter-output>
        </test-method> <!-- getSubCategory -->
        <test-method status="PASS" signature="tearDown()[pri:0, instance:com.qa.ebay.EbayAutomation.EbayTest@6d3af739]" name="tearDown" is-config="true" duration-ms="1231" started-at="2022-03-15T18:18:22 PDT" finished-at="2022-03-15T18:18:24 PDT">
          <reporter-output>
          </reporter-output>
        </test-method> <!-- tearDown -->
        <test-method status="PASS" signature="setUp()[pri:0, instance:com.qa.ebay.EbayAutomation.EbayTest@6d3af739]" name="setUp" is-config="true" duration-ms="0" started-at="2022-03-15T18:18:24 PDT" finished-at="2022-03-15T18:18:24 PDT">
          <reporter-output>
          </reporter-output>
        </test-method> <!-- setUp -->
        <test-method status="PASS" signature="verifyAdvertisement()[pri:0, instance:com.qa.ebay.EbayAutomation.EbayTest@6d3af739]" name="verifyAdvertisement" duration-ms="4452" started-at="2022-03-15T18:18:24 PDT" finished-at="2022-03-15T18:18:28 PDT">
          <reporter-output>
          </reporter-output>
        </test-method> <!-- verifyAdvertisement -->
        <test-method status="PASS" signature="tearDown()[pri:0, instance:com.qa.ebay.EbayAutomation.EbayTest@6d3af739]" name="tearDown" is-config="true" duration-ms="1345" started-at="2022-03-15T18:18:28 PDT" finished-at="2022-03-15T18:18:29 PDT">
          <reporter-output>
          </reporter-output>
        </test-method> <!-- tearDown -->
        <test-method status="PASS" signature="setUp()[pri:0, instance:com.qa.ebay.EbayAutomation.EbayTest@6d3af739]" name="setUp" is-config="true" duration-ms="0" started-at="2022-03-15T18:18:29 PDT" finished-at="2022-03-15T18:18:29 PDT">
          <reporter-output>
          </reporter-output>
        </test-method> <!-- setUp -->
        <test-method status="PASS" signature="verifyEbayCategory()[pri:0, instance:com.qa.ebay.EbayAutomation.EbayTest@6d3af739]" name="verifyEbayCategory" duration-ms="7138" started-at="2022-03-15T18:18:29 PDT" finished-at="2022-03-15T18:18:37 PDT">
          <reporter-output>
          </reporter-output>
        </test-method> <!-- verifyEbayCategory -->
        <test-method status="PASS" signature="tearDown()[pri:0, instance:com.qa.ebay.EbayAutomation.EbayTest@6d3af739]" name="tearDown" is-config="true" duration-ms="1354" started-at="2022-03-15T18:18:37 PDT" finished-at="2022-03-15T18:18:38 PDT">
          <reporter-output>
          </reporter-output>
        </test-method> <!-- tearDown -->
        <test-method status="PASS" signature="setUp()[pri:0, instance:com.qa.ebay.EbayAutomation.EbayTest@6d3af739]" name="setUp" is-config="true" duration-ms="0" started-at="2022-03-15T18:18:38 PDT" finished-at="2022-03-15T18:18:38 PDT">
          <reporter-output>
          </reporter-output>
        </test-method> <!-- setUp -->
        <test-method status="PASS" signature="verifyEbaySearch()[pri:0, instance:com.qa.ebay.EbayAutomation.EbayTest@6d3af739]" name="verifyEbaySearch" duration-ms="11698" started-at="2022-03-15T18:18:38 PDT" finished-at="2022-03-15T18:18:50 PDT">
          <reporter-output>
          </reporter-output>
        </test-method> <!-- verifyEbaySearch -->
        <test-method status="PASS" signature="tearDown()[pri:0, instance:com.qa.ebay.EbayAutomation.EbayTest@6d3af739]" name="tearDown" is-config="true" duration-ms="1387" started-at="2022-03-15T18:18:50 PDT" finished-at="2022-03-15T18:18:51 PDT">
          <reporter-output>
          </reporter-output>
        </test-method> <!-- tearDown -->
        <test-method status="PASS" signature="setUp()[pri:0, instance:com.qa.ebay.EbayAutomation.EbayTest@6d3af739]" name="setUp" is-config="true" duration-ms="1" started-at="2022-03-15T18:18:51 PDT" finished-at="2022-03-15T18:18:51 PDT">
          <reporter-output>
          </reporter-output>
        </test-method> <!-- setUp -->
        <test-method status="PASS" signature="verifySubCategoryUnderMainCategory()[pri:0, instance:com.qa.ebay.EbayAutomation.EbayTest@6d3af739]" name="verifySubCategoryUnderMainCategory" duration-ms="6318" started-at="2022-03-15T18:18:51 PDT" finished-at="2022-03-15T18:18:57 PDT">
          <reporter-output>
          </reporter-output>
        </test-method> <!-- verifySubCategoryUnderMainCategory -->
        <test-method status="PASS" signature="tearDown()[pri:0, instance:com.qa.ebay.EbayAutomation.EbayTest@6d3af739]" name="tearDown" is-config="true" duration-ms="1385" started-at="2022-03-15T18:18:57 PDT" finished-at="2022-03-15T18:18:59 PDT">
          <reporter-output>
          </reporter-output>
        </test-method> <!-- tearDown -->
      </class> <!-- com.qa.ebay.EbayAutomation.EbayTest -->
      <class name="com.qa.ebay.EbayAutomation.EbayBackEndTest">
        <test-method status="FAIL" signature="testcase1()[pri:0, instance:com.qa.ebay.EbayAutomation.EbayBackEndTest@25084a1e]" name="testcase1" duration-ms="478" started-at="2022-03-15T18:18:59 PDT" finished-at="2022-03-15T18:18:59 PDT">
          <exception class="java.lang.AssertionError">
            <message>
              <![CDATA[expected [200 OK] but found [301 MOVED_PERMANENTLY]]]>
            </message>
            <full-stacktrace>
              <![CDATA[java.lang.AssertionError: expected [200 OK] but found [301 MOVED_PERMANENTLY]
at org.testng.Assert.fail(Assert.java:110)
at org.testng.Assert.failNotEquals(Assert.java:1413)
at org.testng.Assert.assertEqualsImpl(Assert.java:149)
at org.testng.Assert.assertEquals(Assert.java:131)
at org.testng.Assert.assertEquals(Assert.java:643)
at com.qa.ebay.EbayAutomation.EbayBackEndTest.testcase1(EbayBackEndTest.java:59)
at sun.reflect.NativeMethodAccessorImpl.invoke0(Native Method)
at sun.reflect.NativeMethodAccessorImpl.invoke(NativeMethodAccessorImpl.java:62)
at sun.reflect.DelegatingMethodAccessorImpl.invoke(DelegatingMethodAccessorImpl.java:43)
at java.lang.reflect.Method.invoke(Method.java:498)
at org.testng.internal.invokers.MethodInvocationHelper.invokeMethod(MethodInvocationHelper.java:135)
at org.testng.internal.invokers.TestInvoker.invokeMethod(TestInvoker.java:673)
at org.testng.internal.invokers.TestInvoker.invokeTestMethod(TestInvoker.java:220)
at org.testng.internal.invokers.MethodRunner.runInSequence(MethodRunner.java:50)
at org.testng.internal.invokers.TestInvoker$MethodInvocationAgent.invoke(TestInvoker.java:945)
at org.testng.internal.invokers.TestInvoker.invokeTestMethods(TestInvoker.java:193)
at org.testng.internal.invokers.TestMethodWorker.invokeTestMethods(TestMethodWorker.java:146)
at org.testng.internal.invokers.TestMethodWorker.run(TestMethodWorker.java:128)
at java.util.ArrayList.forEach(ArrayList.java:1257)
at org.testng.TestRunner.privateRun(TestRunner.java:808)
at org.testng.TestRunner.run(TestRunner.java:603)
at org.testng.SuiteRunner.runTest(SuiteRunner.java:429)
at org.testng.SuiteRunner.runSequentially(SuiteRunner.java:423)
at org.testng.SuiteRunner.privateRun(SuiteRunner.java:383)
at org.testng.SuiteRunner.run(SuiteRunner.java:326)
at org.testng.SuiteRunnerWorker.runSuite(SuiteRunnerWorker.java:52)
at org.testng.SuiteRunnerWorker.run(SuiteRunnerWorker.java:95)
at org.testng.TestNG.runSuitesSequentially(TestNG.java:1249)
at org.testng.TestNG.runSuitesLocally(TestNG.java:1169)
at org.testng.TestNG.runSuites(TestNG.java:1092)
at org.testng.TestNG.run(TestNG.java:1060)
at org.testng.remote.AbstractRemoteTestNG.run(AbstractRemoteTestNG.java:115)
at org.testng.remote.RemoteTestNG.initAndRun(RemoteTestNG.java:251)
at org.testng.remote.RemoteTestNG.main(RemoteTestNG.java:77)
]]>
            </full-stacktrace>
          </exception> <!-- java.lang.AssertionError -->
          <reporter-output>
          </reporter-output>
        </test-method> <!-- testcase1 -->
      </class> <!-- com.qa.ebay.EbayAutomation.EbayBackEndTest -->
    </test> <!-- Test -->
    <test name="Testde" duration-ms="3899" started-at="2022-03-15T18:18:59 PDT" finished-at="2022-03-15T18:19:03 PDT">
      <class name="com.qa.ebay.EbayAutomation.EbayPageTest">
        <test-method status="PASS" signature="testVerifyPageTitleUsingTestngParameter()[pri:0, instance:com.qa.ebay.EbayAutomation.EbayPageTest@383bfa16]" name="testVerifyPageTitleUsingTestngParameter" duration-ms="3713" started-at="2022-03-15T18:18:59 PDT" finished-at="2022-03-15T18:19:03 PDT">
          <reporter-output>
          </reporter-output>
        </test-method> <!-- testVerifyPageTitleUsingTestngParameter -->
        <test-method status="PASS" signature="tearDown()[pri:0, instance:com.qa.ebay.EbayAutomation.EbayPageTest@383bfa16]" name="tearDown" is-config="true" duration-ms="182" started-at="2022-03-15T18:19:03 PDT" finished-at="2022-03-15T18:19:03 PDT">
          <reporter-output>
          </reporter-output>
        </test-method> <!-- tearDown -->
      </class> <!-- com.qa.ebay.EbayAutomation.EbayPageTest -->
    </test> <!-- Testde -->
  </suite> <!-- Suite -->
</testng-results>
